# JRE version: OpenJDK Runtime Environment (8.0_242-b01) (build 1.8.0_242-release-1644-b01)
# Java VM: OpenJDK 64-Bit Server VM (25.242-b01 mixed mode windows-amd64 compressed oops)
Heap:
 PSYoungGen      total 280576K, used 45498K [0x00000000d5580000, 0x00000000e8780000, 0x0000000100000000)
  eden space 259072K, 10% used [0x00000000d5580000,0x00000000d70004b8,0x00000000e5280000)
  from space 21504K, 85% used [0x00000000e6980000,0x00000000e7b6e5a0,0x00000000e7e80000)
  to   space 23552K, 0% used [0x00000000e5280000,0x00000000e5280000,0x00000000e6980000)
 ParOldGen       total 88064K, used 47315K [0x0000000080000000, 0x0000000085600000, 0x00000000d5580000)
  object space 88064K, 53% used [0x0000000080000000,0x0000000082e34ca0,0x0000000085600000)
 Metaspace       used 73655K, capacity 76880K, committed 77104K, reserved 1116160K
  class space    used 9855K, capacity 10541K, committed 10544K, reserved 1048576K
GC Heap History (10 events):
Event: 10.842 GC heap before
{Heap before GC invocations=13 (full 2):
 PSYoungGen      total 182784K, used 171008K [0x00000000d5580000, 0x00000000e1580000, 0x0000000100000000)
  eden space 171008K, 100% used [0x00000000d5580000,0x00000000dfc80000,0x00000000dfc80000)
  from space 11776K, 0% used [0x00000000e0a00000,0x00000000e0a00000,0x00000000e1580000)
  to   space 12800K, 0% used [0x00000000dfc80000,0x00000000dfc80000,0x00000000e0900000)
 ParOldGen       total 53248K, used 15662K [0x0000000080000000, 0x0000000083400000, 0x00000000d5580000)
  object space 53248K, 29% used [0x0000000080000000,0x0000000080f4bae0,0x0000000083400000)
 Metaspace       used 49583K, capacity 51202K, committed 51376K, reserved 1093632K
  class space    used 6631K, capacity 7050K, committed 7088K, reserved 1048576K
Event: 10.883 GC heap after
Heap after GC invocations=13 (full 2):
 PSYoungGen      total 183808K, used 12781K [0x00000000d5580000, 0x00000000e4c00000, 0x0000000100000000)
  eden space 171008K, 0% used [0x00000000d5580000,0x00000000d5580000,0x00000000dfc80000)
  from space 12800K, 99% used [0x00000000dfc80000,0x00000000e08fb558,0x00000000e0900000)
  to   space 17920K, 0% used [0x00000000e3a80000,0x00000000e3a80000,0x00000000e4c00000)
 ParOldGen       total 53248K, used 23751K [0x0000000080000000, 0x0000000083400000, 0x00000000d5580000)
  object space 53248K, 44% used [0x0000000080000000,0x0000000081731cd8,0x0000000083400000)
 Metaspace       used 49583K, capacity 51202K, committed 51376K, reserved 1093632K
  class space    used 6631K, capacity 7050K, committed 7088K, reserved 1048576K
}
Event: 13.128 GC heap before
{Heap before GC invocations=14 (full 2):
 PSYoungGen      total 183808K, used 108082K [0x00000000d5580000, 0x00000000e4c00000, 0x0000000100000000)
  eden space 171008K, 55% used [0x00000000d5580000,0x00000000db291450,0x00000000dfc80000)
  from space 12800K, 99% used [0x00000000dfc80000,0x00000000e08fb558,0x00000000e0900000)
  to   space 17920K, 0% used [0x00000000e3a80000,0x00000000e3a80000,0x00000000e4c00000)
 ParOldGen       total 53248K, used 23751K [0x0000000080000000, 0x0000000083400000, 0x00000000d5580000)
  object space 53248K, 44% used [0x0000000080000000,0x0000000081731cd8,0x0000000083400000)
 Metaspace       used 57083K, capacity 59056K, committed 59160K, reserved 1099776K
  class space    used 7814K, capacity 8283K, committed 8368K, reserved 1048576K
Event: 13.193 GC heap after
Heap after GC invocations=14 (full 2):
 PSYoungGen      total 234496K, used 10079K [0x00000000d5580000, 0x00000000e5000000, 0x0000000100000000)
  eden space 216576K, 0% used [0x00000000d5580000,0x00000000d5580000,0x00000000e2900000)
  from space 17920K, 56% used [0x00000000e3a80000,0x00000000e4457f38,0x00000000e4c00000)
  to   space 17920K, 0% used [0x00000000e2900000,0x00000000e2900000,0x00000000e3a80000)
 ParOldGen       total 53248K, used 34460K [0x0000000080000000, 0x0000000083400000, 0x00000000d5580000)
  object space 53248K, 64% used [0x0000000080000000,0x00000000821a7180,0x0000000083400000)
 Metaspace       used 57083K, capacity 59056K, committed 59160K, reserved 1099776K
  class space    used 7814K, capacity 8283K, committed 8368K, reserved 1048576K
}
Event: 13.193 GC heap before
{Heap before GC invocations=15 (full 3):
 PSYoungGen      total 234496K, used 10079K [0x00000000d5580000, 0x00000000e5000000, 0x0000000100000000)
  eden space 216576K, 0% used [0x00000000d5580000,0x00000000d5580000,0x00000000e2900000)
  from space 17920K, 56% used [0x00000000e3a80000,0x00000000e4457f38,0x00000000e4c00000)
  to   space 17920K, 0% used [0x00000000e2900000,0x00000000e2900000,0x00000000e3a80000)
 ParOldGen       total 53248K, used 34460K [0x0000000080000000, 0x0000000083400000, 0x00000000d5580000)
  object space 53248K, 64% used [0x0000000080000000,0x00000000821a7180,0x0000000083400000)
 Metaspace       used 57083K, capacity 59056K, committed 59160K, reserved 1099776K
  class space    used 7814K, capacity 8283K, committed 8368K, reserved 1048576K
Event: 13.574 GC heap after
Heap after GC invocations=15 (full 3):
 PSYoungGen      total 234496K, used 0K [0x00000000d5580000, 0x00000000e5000000, 0x0000000100000000)
  eden space 216576K, 0% used [0x00000000d5580000,0x00000000d5580000,0x00000000e2900000)
  from space 17920K, 0% used [0x00000000e3a80000,0x00000000e3a80000,0x00000000e4c00000)
  to   space 17920K, 0% used [0x00000000e2900000,0x00000000e2900000,0x00000000e3a80000)
 ParOldGen       total 88064K, used 32814K [0x0000000080000000, 0x0000000085600000, 0x00000000d5580000)
  object space 88064K, 37% used [0x0000000080000000,0x000000008200ba90,0x0000000085600000)
 Metaspace       used 57072K, capacity 59020K, committed 59160K, reserved 1099776K
  class space    used 7810K, capacity 8277K, committed 8368K, reserved 1048576K
}
Event: 27.619 GC heap before
{Heap before GC invocations=16 (full 3):
 PSYoungGen      total 234496K, used 216576K [0x00000000d5580000, 0x00000000e5000000, 0x0000000100000000)
  eden space 216576K, 100% used [0x00000000d5580000,0x00000000e2900000,0x00000000e2900000)
  from space 17920K, 0% used [0x00000000e3a80000,0x00000000e3a80000,0x00000000e4c00000)
  to   space 17920K, 0% used [0x00000000e2900000,0x00000000e2900000,0x00000000e3a80000)
 ParOldGen       total 88064K, used 32814K [0x0000000080000000, 0x0000000085600000, 0x00000000d5580000)
  object space 88064K, 37% used [0x0000000080000000,0x000000008200ba90,0x0000000085600000)
 Metaspace       used 65140K, capacity 67790K, committed 67888K, reserved 1107968K
  class space    used 8898K, capacity 9454K, committed 9520K, reserved 1048576K
Event: 27.757 GC heap after
Heap after GC invocations=16 (full 3):
 PSYoungGen      total 234496K, used 17903K [0x00000000d5580000, 0x00000000e7e80000, 0x0000000100000000)
  eden space 216576K, 0% used [0x00000000d5580000,0x00000000d5580000,0x00000000e2900000)
  from space 17920K, 99% used [0x00000000e2900000,0x00000000e3a7bd48,0x00000000e3a80000)
  to   space 21504K, 0% used [0x00000000e6980000,0x00000000e6980000,0x00000000e7e80000)
 ParOldGen       total 88064K, used 35289K [0x0000000080000000, 0x0000000085600000, 0x00000000d5580000)
  object space 88064K, 40% used [0x0000000080000000,0x0000000082276568,0x0000000085600000)
 Metaspace       used 65140K, capacity 67790K, committed 67888K, reserved 1107968K
  class space    used 8898K, capacity 9454K, committed 9520K, reserved 1048576K
}
Event: 114.930 GC heap before
{Heap before GC invocations=17 (full 3):
 PSYoungGen      total 234496K, used 234479K [0x00000000d5580000, 0x00000000e7e80000, 0x0000000100000000)
  eden space 216576K, 100% used [0x00000000d5580000,0x00000000e2900000,0x00000000e2900000)
  from space 17920K, 99% used [0x00000000e2900000,0x00000000e3a7bd48,0x00000000e3a80000)
  to   space 21504K, 0% used [0x00000000e6980000,0x00000000e6980000,0x00000000e7e80000)
 ParOldGen       total 88064K, used 35289K [0x0000000080000000, 0x0000000085600000, 0x00000000d5580000)
  object space 88064K, 40% used [0x0000000080000000,0x0000000082276568,0x0000000085600000)
 Metaspace       used 73632K, capacity 76880K, committed 77104K, reserved 1116160K
  class space    used 9855K, capacity 10541K, committed 10544K, reserved 1048576K
Event: 117.633 GC heap after
Heap after GC invocations=17 (full 3):
 PSYoungGen      total 280576K, used 18361K [0x00000000d5580000, 0x00000000e8780000, 0x0000000100000000)
  eden space 259072K, 0% used [0x00000000d5580000,0x00000000d5580000,0x00000000e5280000)
  from space 21504K, 85% used [0x00000000e6980000,0x00000000e7b6e5a0,0x00000000e7e80000)
  to   space 23552K, 0% used [0x00000000e5280000,0x00000000e5280000,0x00000000e6980000)
 ParOldGen       total 88064K, used 47315K [0x0000000080000000, 0x0000000085600000, 0x00000000d5580000)
  object space 88064K, 53% used [0x0000000080000000,0x0000000082e34ca0,0x0000000085600000)
 Metaspace       used 73632K, capacity 76880K, committed 77104K, reserved 1116160K
  class space    used 9855K, capacity 10541K, committed 10544K, reserved 1048576K
}

